Example app listening on port port!
Example app listening on port port!
Example app listening on port port!
cab已被清空
caefs已被清空
cas已被清空
cbeis已被清空
ccea已被清空
cec已被清空
ced已被清空
cers已被清空
che已被清空
chem已被清空
cls已被清空
cmic已被清空
cmm已被清空
cps已被清空
cs已被清空
cse已被清空
cst已被清空
doe已被清空
ee已被清空
ghls已被清空
gs已被清空
intl已被清空
isee已被清空
marx已被清空
math已被清空
me已被清空
mse已被清空
oc已被清空
opt已被清空
physics已被清空
polymer已被清空
psych已被清空
saa已被清空
sis已被清空
soaa已被清空
som已被清空
spa已被清空
srrsh已被清空
womanhospital已被清空
z2hospital已被清空
ch已被清空
zibs已被清空
zje已被清空
zju4h已被清空
zjuch已被清空
zjui已被清空
zjuss已被清空
zy91已被清空
正在爬取第1条新闻...
正在爬取第2条新闻...
正在爬取第3条新闻...
正在爬取第4条新闻...
正在爬取第5条新闻...
正在爬取第6条新闻...
正在爬取第7条新闻...
正在爬取第8条新闻...
正在爬取第9条新闻...
正在爬取第10条新闻...
正在爬取第11条新闻...
正在爬取第12条新闻...
正在爬取第13条新闻...
正在爬取第14条新闻...
正在爬取第15条新闻...
正在爬取第16条新闻...
正在爬取第17条新闻...
正在爬取第18条新闻...
正在爬取第19条新闻...
正在爬取第20条新闻...
正在爬取第21条新闻...
正在爬取第22条新闻...
正在爬取第23条新闻...
正在爬取第24条新闻...
正在爬取第25条新闻...
正在爬取第26条新闻...
正在爬取第27条新闻...
正在爬取第28条新闻...
正在爬取第29条新闻...
正在爬取第30条新闻...
正在爬取第31条新闻...
正在爬取第32条新闻...
正在爬取第33条新闻...
正在爬取第34条新闻...
正在爬取第35条新闻...
正在爬取第36条新闻...
正在爬取第37条新闻...
正在爬取第38条新闻...
正在爬取第39条新闻...
正在爬取第40条新闻...
正在爬取第41条新闻...
正在爬取第42条新闻...
正在爬取第43条新闻...
正在爬取第44条新闻...
正在爬取第45条新闻...
正在爬取第46条新闻...
正在爬取第47条新闻...
正在爬取第48条新闻...
正在爬取第49条新闻...
正在爬取第50条新闻...
正在爬取第51条新闻...
正在爬取第52条新闻...
正在爬取第53条新闻...
正在爬取第54条新闻...
正在爬取第55条新闻...
正在爬取第56条新闻...
正在爬取第57条新闻...
正在爬取第58条新闻...
正在爬取第59条新闻...
正在爬取第60条新闻...
正在爬取第61条新闻...
正在爬取第62条新闻...
正在爬取第63条新闻...
正在爬取第64条新闻...
正在爬取第65条新闻...
正在爬取第66条新闻...
正在爬取第67条新闻...
正在爬取第68条新闻...
正在爬取第69条新闻...
正在爬取第70条新闻...
正在爬取第71条新闻...
正在爬取第72条新闻...
正在爬取第73条新闻...
正在爬取第74条新闻...
正在爬取第75条新闻...
正在爬取第76条新闻...
正在爬取第77条新闻...
正在爬取第78条新闻...
正在爬取第79条新闻...
正在爬取第80条新闻...
正在爬取第81条新闻...
正在爬取第82条新闻...
正在爬取第83条新闻...
正在爬取第84条新闻...
正在爬取第85条新闻...
正在爬取第86条新闻...
正在爬取第87条新闻...
正在爬取第88条新闻...
正在爬取第89条新闻...
正在爬取第90条新闻...
正在爬取第91条新闻...
正在爬取第92条新闻...
正在爬取第93条新闻...
正在爬取第94条新闻...
正在爬取第95条新闻...
正在爬取第96条新闻...
正在爬取第97条新闻...
正在爬取第98条新闻...
正在爬取第99条新闻...
正在爬取第100条新闻...
正在爬取第101条新闻...
正在爬取第102条新闻...
正在爬取第103条新闻...
正在爬取第104条新闻...
正在爬取第105条新闻...
正在爬取第106条新闻...
正在爬取第107条新闻...
正在爬取第108条新闻...
正在爬取第109条新闻...
正在爬取第110条新闻...
正在爬取第111条新闻...
正在爬取第112条新闻...
正在爬取第113条新闻...
正在爬取第114条新闻...
正在爬取第115条新闻...
正在爬取第116条新闻...
正在爬取第117条新闻...
正在爬取第118条新闻...
正在爬取第119条新闻...
正在爬取第120条新闻...
正在爬取第121条新闻...
正在爬取第122条新闻...
正在爬取第123条新闻...
正在爬取第124条新闻...
正在爬取第125条新闻...
正在爬取第126条新闻...
正在爬取第127条新闻...
正在爬取第128条新闻...
正在爬取第129条新闻...
正在爬取第130条新闻...
正在爬取第131条新闻...
正在爬取第132条新闻...
正在爬取第133条新闻...
正在爬取第134条新闻...

